-------------------------------------------------------------------------------
 Program:   3D_Stokes_Flow_FMM   (V. 1.0.1; Released January 14, 2014);        
            A fast multiplole BEM code for general 3-D Stokes flow problems    
 All Rights Reserved, 2009-2014 (For education and research use only)          
 Developer: CAE Research Lab, University of Cincinnati, Ohio, USA              
 Download:  http://urbana.mie.uc.edu/yliu/Software                             
 Contact:   Dr. Yijun Liu;  Tel.: 1 (513) 556-4607;  E-mail: Yijun.Liu@uc.edu  
-------------------------------------------------------------------------------
having so much fun,	Tuesday 06. February 2018, 16:29:57                       
 
  Number of boundary elements          =        3804
  Number of nodes for the mesh         =        1906
  Total number of DOFs                 =       11412
  Constant mu                          =   1.00000000000000     
  Maximum number of elements in a leaf =         100
  Maximum number of tree levels        =          10
  Tolerance for convergence for GMRES  =  1.000000000000000E-003
  Number of expansion terms            =          12
  Number of Gaussian points            =           7

  Memory size of the large block a     =       524.8 Mb
  Number of variables registered       =          88

  Number of tree levels                =           5
  Number of cells in tree structure    =         129
 
  Calculating the b-vector ...
  Calling the GMRES solver ...
 
  WARNING GMRES : 
        For M =           10  optimal value 
        for LWORK =        171331
 
                    CONVERGENCE HISTORY FOR GMRES
 
Errors are displayed in unit:  6
Warnings are displayed in unit:  6
Matrix size:   11412
Local matrix size:   11412
Restart:      10
Left preconditioning
Iterative classical Gram-Schmidt
User supplied initial guess
True residual computed at restart
Maximum number of iterations:   500
Tolerance for convergence: 0.10E-02
Backward error on the unpreconditioned system Ax = b:
    the residual is normalised by ||b||
Backward error on the preconditioned system (P1)A(P2)y = (P1)b:
     the preconditioned residual is normalised by ||(P1)b||
Optimal size for the workspace: 171331
 
Convergence history: b.e. on the preconditioned system
 Iteration   Arnoldi b.e.    True b.e.
    1         0.8651E-01         --
    2         0.8196E-01         --
    3         0.6162E-01         --
    4         0.3708E-01         --
    5         0.2881E-01         --
    6         0.1538E-01         --
    7         0.1177E-01         --
    8         0.1020E-01         --
    9         0.8366E-02         --
   10         0.4596E-02         --
   11         0.4161E-02         --
   12         0.3299E-02         --
   13         0.2890E-02         --
   14         0.2026E-02         --
   15         0.1343E-02         --
   16         0.1145E-02         --
   17         0.4650E-03     0.4650E-03
 
  Convergence achieved!
B.E. on the preconditioned system:   0.47E-03
B.E. on the unpreconditioned system: 0.57E-03
info(1) =  0
Number of iterations (info(2)):    17
 Orthogonalisation : ICGS
 Restart :           10
 info(1) =            0   info(2) =           17
 rinfo(1) =   4.650114261794077E-004   rinfo(2) =   5.677804009752088E-004
 Optimal workspace =       171331
 Solution : 
 
  Total force acting on the body is:
 -1.169019928487661E-002  -14.0097563812712      -1.975800233170317E-003
 
 Total CPU time, wall-clock time used =     51.33 (sec),     51.41 (sec)
