-------------------------------------------------------------------------------
 Program:   3D_Stokes_Flow_FMM   (V. 1.0.1; Released January 14, 2014);        
            A fast multiplole BEM code for general 3-D Stokes flow problems    
 All Rights Reserved, 2009-2014 (For education and research use only)          
 Developer: CAE Research Lab, University of Cincinnati, Ohio, USA              
 Download:  http://urbana.mie.uc.edu/yliu/Software                             
 Contact:   Dr. Yijun Liu;  Tel.: 1 (513) 556-4607;  E-mail: Yijun.Liu@uc.edu  
-------------------------------------------------------------------------------
Friday 04. June 2021, 13:51:02                                                
 
  Number of boundary elements          =        3776
  Number of nodes for the mesh         =        1894
  Total number of DOFs                 =       11328
  Constant mu                          =   1.00000000000000     
  Maximum number of elements in a leaf =         100
  Maximum number of tree levels        =          10
  Tolerance for convergence for GMRES  =  5.000000000000000E-004
  Number of expansion terms            =          12
  Number of Gaussian points            =           7

  Memory size of the large block a     =       526.6 Mb
  Number of variables registered       =          88

  Number of tree levels                =           8
  Number of cells in tree structure    =         179
 
  Calculating the b-vector ...
  Calling the GMRES solver ...
 
  WARNING GMRES : 
        For M =           30  optimal value 
        for LWORK =        397531
 
                    CONVERGENCE HISTORY FOR GMRES
 
Errors are displayed in unit:  6
Warnings are displayed in unit:  6
Matrix size:   11328
Local matrix size:   11328
Restart:      30
Right preconditioning
Iterative classical Gram-Schmidt
User supplied initial guess
True residual computed at restart
Maximum number of iterations:   300
Tolerance for convergence: 0.50E-03
Backward error on the unpreconditioned system Ax = b:
    the residual is normalised by ||b||
Backward error on the preconditioned system (P1)A(P2)y = (P1)b:
     the preconditioned residual is normalised by ||(P1)b||
Optimal size for the workspace: 397531
 
Convergence history: b.e. on the preconditioned system
 Iteration   Arnoldi b.e.    True b.e.
    1         0.3190E+00         --
    2         0.1831E+00         --
    3         0.9035E-01         --
    4         0.4740E-01         --
    5         0.3089E-01         --
    6         0.1921E-01         --
    7         0.1471E-01         --
    8         0.1100E-01         --
    9         0.7287E-02         --
   10         0.4891E-02         --
   11         0.3127E-02         --
   12         0.2258E-02         --
   13         0.1920E-02         --
   14         0.1684E-02         --
   15         0.1445E-02         --
   16         0.1307E-02         --
   17         0.1158E-02         --
   18         0.9951E-03         --
   19         0.8718E-03         --
   20         0.7782E-03         --
   21         0.6887E-03         --
   22         0.6281E-03         --
   23         0.5758E-03         --
   24         0.5235E-03         --
   25         0.4610E-03     0.4610E-03
 
  Convergence achieved!
B.E. on the preconditioned system:   0.46E-03
B.E. on the unpreconditioned system: 0.46E-03
info(1) =  0
Number of iterations (info(2)):    25
 Orthogonalisation : ICGS
 Restart :           30
 info(1) =            0   info(2) =           25
 rinfo(1) =   4.610258336026317E-004   rinfo(2) =   4.610258336026317E-004
 Optimal workspace =       397531
 Solution : 
 
  Total force acting on the body is:
  0.345532148856737       9.324268408801892E-003  1.790502924521780E-002
 
 Total CPU time, wall-clock time used =     59.92 (sec),     44.35 (sec)
