-------------------------------------------------------------------------------
 Program:   3D_Stokes_Flow_FMM   (V. 1.0.1; Released January 14, 2014);        
            A fast multiplole BEM code for general 3-D Stokes flow problems    
 All Rights Reserved, 2009-2014 (For education and research use only)          
 Developer: CAE Research Lab, University of Cincinnati, Ohio, USA              
 Download:  http://urbana.mie.uc.edu/yliu/Software                             
 Contact:   Dr. Yijun Liu;  Tel.: 1 (513) 556-4607;  E-mail: Yijun.Liu@uc.edu  
-------------------------------------------------------------------------------
Friday 04. June 2021, 14:18:41                                                
 
  Number of boundary elements          =         180
  Number of nodes for the mesh         =          94
  Total number of DOFs                 =         540
  Constant mu                          =   1.00000000000000     
  Maximum number of elements in a leaf =         100
  Maximum number of tree levels        =          10
  Tolerance for convergence for GMRES  =  1.000000000000000E-003
  Number of expansion terms            =          12
  Number of Gaussian points            =           7

  Memory size of the large block a     =       521.9 Mb
  Number of variables registered       =          88

  Number of tree levels                =           2
  Number of cells in tree structure    =          49
 
  Calculating the b-vector ...
  Calling the GMRES solver ...
 
  WARNING GMRES : 
        For M =           10  optimal value 
        for LWORK =          8251
 
                    CONVERGENCE HISTORY FOR GMRES
 
Errors are displayed in unit:  6
Warnings are displayed in unit:  6
Matrix size:     540
Local matrix size:     540
Restart:      10
Left preconditioning
Iterative classical Gram-Schmidt
User supplied initial guess
True residual computed at restart
Maximum number of iterations:   500
Tolerance for convergence: 0.10E-02
Backward error on the unpreconditioned system Ax = b:
    the residual is normalised by ||b||
Backward error on the preconditioned system (P1)A(P2)y = (P1)b:
     the preconditioned residual is normalised by ||(P1)b||
Optimal size for the workspace:   8251
 
Convergence history: b.e. on the preconditioned system
 Iteration   Arnoldi b.e.    True b.e.
    1         0.3351E+00         --
    2         0.1585E+00         --
    3         0.8502E-01         --
    4         0.4409E-01         --
    5         0.2511E-01         --
    6         0.1847E-01         --
    7         0.7106E-02         --
    8         0.5641E-02         --
    9         0.2578E-02         --
   10         0.1452E-02         --
   11         0.1062E-02         --
   12         0.8622E-03     0.8622E-03
 
  Convergence achieved!
B.E. on the preconditioned system:   0.86E-03
B.E. on the unpreconditioned system: 0.11E-02
info(1) =  0
Number of iterations (info(2)):    12
 Orthogonalisation : ICGS
 Restart :           10
 info(1) =            0   info(2) =           12
 rinfo(1) =   8.621708217936026E-004   rinfo(2) =   1.057651528102523E-003
 Optimal workspace =         8251
 Solution : 
 
  Total force acting on the body is:
  -19.8766290685392       3.375063799879151E-002 -1.571460945702284E-003
 
 Total CPU time, wall-clock time used =     10.33 (sec),      5.55 (sec)
