-------------------------------------------------------------------------------
 Program:   3D_Stokes_Flow_FMM   (V. 1.0.1; Released January 14, 2014);        
            A fast multiplole BEM code for general 3-D Stokes flow problems    
 All Rights Reserved, 2009-2014 (For education and research use only)          
 Developer: CAE Research Lab, University of Cincinnati, Ohio, USA              
 Download:  http://urbana.mie.uc.edu/yliu/Software                             
 Contact:   Dr. Yijun Liu;  Tel.: 1 (513) 556-4607;  E-mail: Yijun.Liu@uc.edu  
-------------------------------------------------------------------------------
Friday 04. June 2021, 14:18:36                                                
 
  Number of boundary elements          =          28
  Number of nodes for the mesh         =          16
  Total number of DOFs                 =          84
  Constant mu                          =   1.00000000000000     
  Maximum number of elements in a leaf =         100
  Maximum number of tree levels        =          10
  Tolerance for convergence for GMRES  =  1.000000000000000E-003
  Number of expansion terms            =          12
  Number of Gaussian points            =           7

  Memory size of the large block a     =       521.7 Mb
  Number of variables registered       =          88

  Number of tree levels                =           2
  Number of cells in tree structure    =          37
 
  Calculating the b-vector ...
  Calling the GMRES solver ...
 
  WARNING GMRES : 
        For M =           10  optimal value 
        for LWORK =          1411
 
                    CONVERGENCE HISTORY FOR GMRES
 
Errors are displayed in unit:  6
Warnings are displayed in unit:  6
Matrix size:      84
Local matrix size:      84
Restart:      10
Left preconditioning
Iterative classical Gram-Schmidt
User supplied initial guess
True residual computed at restart
Maximum number of iterations:   500
Tolerance for convergence: 0.10E-02
Backward error on the unpreconditioned system Ax = b:
    the residual is normalised by ||b||
Backward error on the preconditioned system (P1)A(P2)y = (P1)b:
     the preconditioned residual is normalised by ||(P1)b||
Optimal size for the workspace:   1411
 
Convergence history: b.e. on the preconditioned system
 Iteration   Arnoldi b.e.    True b.e.
    1         0.3582E+00         --
    2         0.2134E-01         --
    3         0.7437E-02         --
    4         0.3111E-02         --
    5         0.1023E-02         --
    6         0.5058E-03     0.5058E-03
 
  Convergence achieved!
B.E. on the preconditioned system:   0.51E-03
B.E. on the unpreconditioned system: 0.48E-03
info(1) =  0
Number of iterations (info(2)):     6
 Orthogonalisation : ICGS
 Restart :           10
 info(1) =            0   info(2) =            6
 rinfo(1) =   5.057901621306406E-004   rinfo(2) =   4.823793436947693E-004
 Optimal workspace =         1411
 Solution : 
 
  Total force acting on the body is:
  -32.4220223476502       3.058664432842306E-013  5.311029394050593E-014
 
 Total CPU time, wall-clock time used =      4.45 (sec),      2.05 (sec)
